Using pre-set license
Built from '2021.3/staging' branch; Version is '2021.3.9f1 (ad3870b89536) revision 11352176'; Using compiler version '192829333'; Build Type 'Release'
OS: 'Windows 11  (10.0.22631) 64bit Core' Language: 'en' Physical Memory: 15556 MB
BatchMode: 1, IsHumanControllingUs: 0, StartBugReporterOnCrash: 0, Is64bit: 1, IsPro: 1

COMMAND LINE ARGUMENTS:
C:\Program Files\Unity\Hub\Editor\2021.3.9f1\Editor\Unity.exe
-adb2
-batchMode
-noUpm
-name
AssetImportWorker2
-projectPath
C:/Users/msean/Documents/GitHub/ca-Mike14533/AILabs
-logFile
Logs/AssetImportWorker2.log
-srvPort
52176
Successfully changed project path to: C:/Users/msean/Documents/GitHub/ca-Mike14533/AILabs
C:/Users/msean/Documents/GitHub/ca-Mike14533/AILabs
[UnityMemory] Configuration Parameters - Can be set up in boot.config
    "memorysetup-bucket-allocator-granularity=16"
    "memorysetup-bucket-allocator-bucket-count=8"
    "memorysetup-bucket-allocator-block-size=33554432"
    "memorysetup-bucket-allocator-block-count=8"
    "memorysetup-main-allocator-block-size=16777216"
    "memorysetup-thread-allocator-block-size=16777216"
    "memorysetup-gfx-main-allocator-block-size=16777216"
    "memorysetup-gfx-thread-allocator-block-size=16777216"
    "memorysetup-cache-allocator-block-size=4194304"
    "memorysetup-typetree-allocator-block-size=2097152"
    "memorysetup-profiler-bucket-allocator-granularity=16"
    "memorysetup-profiler-bucket-allocator-bucket-count=8"
    "memorysetup-profiler-bucket-allocator-block-size=33554432"
    "memorysetup-profiler-bucket-allocator-block-count=8"
    "memorysetup-profiler-allocator-block-size=16777216"
    "memorysetup-profiler-editor-allocator-block-size=1048576"
    "memorysetup-temp-allocator-size-main=16777216"
    "memorysetup-job-temp-allocator-block-size=2097152"
    "memorysetup-job-temp-allocator-block-size-background=1048576"
    "memorysetup-job-temp-allocator-reduction-small-platforms=262144"
    "memorysetup-temp-allocator-size-background-worker=32768"
    "memorysetup-temp-allocator-size-job-worker=262144"
    "memorysetup-temp-allocator-size-preload-manager=33554432"
    "memorysetup-temp-allocator-size-nav-mesh-worker=65536"
    "memorysetup-temp-allocator-size-audio-worker=65536"
    "memorysetup-temp-allocator-size-cloud-worker=32768"
    "memorysetup-temp-allocator-size-gi-baking-worker=262144"
    "memorysetup-temp-allocator-size-gfx=262144"
Refreshing native plugins compatible for Editor in 145.27 ms, found 4 plugins.
Preloading 0 native plugins for Editor in 0.00 ms.
Initialize engine version: 2021.3.9f1 (ad3870b89536)
[Subsystems] Discovering subsystems at path C:/Program Files/Unity/Hub/Editor/2021.3.9f1/Editor/Data/Resources/UnitySubsystems
[Subsystems] Discovering subsystems at path C:/Users/msean/Documents/GitHub/ca-Mike14533/AILabs/Assets
GfxDevice: creating device client; threaded=0; jobified=0
Direct3D:
    Version:  Direct3D 11.0 [level 11.1]
    Renderer: NVIDIA GeForce RTX 4070 Laptop GPU (ID=0x2860)
    Vendor:   NVIDIA
    VRAM:     7963 MB
    Driver:   31.0.15.4618
Initialize mono
Mono path[0] = 'C:/Program Files/Unity/Hub/Editor/2021.3.9f1/Editor/Data/Managed'
Mono path[1] = 'C:/Program Files/Unity/Hub/Editor/2021.3.9f1/Editor/Data/MonoBleedingEdge/lib/mono/unityjit-win32'
Mono config path = 'C:/Program Files/Unity/Hub/Editor/2021.3.9f1/Editor/Data/MonoBleedingEdge/etc'
Using monoOptions --debugger-agent=transport=dt_socket,embedding=1,server=y,suspend=n,address=127.0.0.1:56520
Begin MonoManager ReloadAssembly
Registering precompiled unity dll's ...
Register platform support module: C:/Program Files/Unity/Hub/Editor/2021.3.9f1/Editor/Data/PlaybackEngines/WindowsStandaloneSupport/UnityEditor.WindowsStandalone.Extensions.dll
Registered in 0.005612 seconds.
Native extension for WindowsStandalone target not found
Refreshing native plugins compatible for Editor in 96.76 ms, found 4 plugins.
Preloading 0 native plugins for Editor in 0.00 ms.
Mono: successfully reloaded assembly
- Completed reload, in  0.692 seconds
Domain Reload Profiling:
	ReloadAssembly (693ms)
		BeginReloadAssembly (90ms)
			ExecutionOrderSort (0ms)
			DisableScriptedObjects (0ms)
			BackupInstance (0ms)
			ReleaseScriptingObjects (0ms)
			CreateAndSetChildDomain (1ms)
		EndReloadAssembly (493ms)
			LoadAssemblies (86ms)
			RebuildTransferFunctionScriptingTraits (0ms)
			SetupTypeCache (93ms)
			ReleaseScriptCaches (0ms)
			RebuildScriptCaches (28ms)
			SetupLoadedEditorAssemblies (317ms)
				LogAssemblyErrors (0ms)
				InitializePlatformSupportModulesInManaged (7ms)
				SetLoadedEditorAssemblies (0ms)
				RefreshPlugins (97ms)
				BeforeProcessingInitializeOnLoad (1ms)
				ProcessInitializeOnLoadAttributes (150ms)
				ProcessInitializeOnLoadMethodAttributes (61ms)
				AfterProcessingInitializeOnLoad (0ms)
				EditorAssembliesLoaded (0ms)
			ExecutionOrderSort2 (0ms)
			AwakeInstancesAfterBackupRestoration (0ms)
Platform modules already initialized, skipping
Registering precompiled user dll's ...
Registered in 0.011924 seconds.
Begin MonoManager ReloadAssembly
Symbol file LoadedFromMemory doesn't match image C:\Users\msean\Documents\GitHub\ca-Mike14533\AILabs\Library\PackageCache\com.unity.visualscripting@1.7.8\Editor\VisualScripting.Core\Dependencies\YamlDotNet\Unity.VisualScripting.YamlDotNet.dll
Symbol file LoadedFromMemory doesn't match image C:\Users\msean\Documents\GitHub\ca-Mike14533\AILabs\Library\PackageCache\com.unity.visualscripting@1.7.8\Editor\VisualScripting.Core\Dependencies\DotNetZip\Unity.VisualScripting.IonicZip.dll
Native extension for WindowsStandalone target not found
Refreshing native plugins compatible for Editor in 77.99 ms, found 4 plugins.
Preloading 0 native plugins for Editor in 0.00 ms.
Mono: successfully reloaded assembly
- Completed reload, in  1.092 seconds
Domain Reload Profiling:
	ReloadAssembly (1093ms)
		BeginReloadAssembly (118ms)
			ExecutionOrderSort (0ms)
			DisableScriptedObjects (5ms)
			BackupInstance (0ms)
			ReleaseScriptingObjects (0ms)
			CreateAndSetChildDomain (34ms)
		EndReloadAssembly (865ms)
			LoadAssemblies (90ms)
			RebuildTransferFunctionScriptingTraits (0ms)
			SetupTypeCache (269ms)
			ReleaseScriptCaches (1ms)
			RebuildScriptCaches (42ms)
			SetupLoadedEditorAssemblies (438ms)
				LogAssemblyErrors (0ms)
				InitializePlatformSupportModulesInManaged (4ms)
				SetLoadedEditorAssemblies (0ms)
				RefreshPlugins (78ms)
				BeforeProcessingInitializeOnLoad (95ms)
				ProcessInitializeOnLoadAttributes (220ms)
				ProcessInitializeOnLoadMethodAttributes (34ms)
				AfterProcessingInitializeOnLoad (6ms)
				EditorAssembliesLoaded (0ms)
			ExecutionOrderSort2 (0ms)
			AwakeInstancesAfterBackupRestoration (5ms)
Platform modules already initialized, skipping
========================================================================
Worker process is ready to serve import requests
Launched and connected shader compiler UnityShaderCompiler.exe after 0.06 seconds
Refreshing native plugins compatible for Editor in 1.17 ms, found 4 plugins.
Preloading 0 native plugins for Editor in 0.00 ms.
Unloading 4144 Unused Serialized files (Serialized files now loaded: 0)
Unloading 38 unused Assets / (55.6 KB). Loaded Objects now: 4600.
Memory consumption went from 155.1 MB to 155.1 MB.
Total: 5.943200 ms (FindLiveObjects: 0.626400 ms CreateObjectMapping: 0.360800 ms MarkObjects: 4.837300 ms  DeleteObjects: 0.117500 ms)

AssetImportParameters requested are different than current active one (requested -> active):
  custom:video-decoder-ogg-theora: a1e56fd34408186e4bbccfd4996cb3dc -> 
  custom:container-muxer-webm: aa71ff27fc2769a1b78a27578f13a17b -> 
  custom:container-demuxer-webm: 4f35f7cbe854078d1ac9338744f61a02 -> 
  custom:video-encoder-webm-vp8: eb34c28f22e8b96e1ab97ce403110664 -> 
  custom:video-codec-MediaFoundation-h265: 746d11721c4dcdbdad8f713fa42b33f4 -> 
  custom:audio-encoder-webm-vorbis: bf7c407c2cedff20999df2af8eb42d56 -> 
  custom:framework-win-MediaFoundation: 216162199b28c13a410421893ffa2e32 -> 
  custom:container-demuxer-ogg: 62fdf1f143b41e24485cea50d1cbac27 -> 
  custom:video-decoder-webm-vp8: 9c59270c3fd7afecdb556c50c9e8de78 -> 
  custom:audio-decoder-ogg-vorbis: bf7c407c2cedff20999df2af8eb42d56 -> 
========================================================================
Received Import Request.
  Time since last request: 167679.386741 seconds.
  path: Assets/EnemyRed1.png
  artifactKey: Guid(a02af3f900c1713419667143d0996d8a) Importer(815301076,1909f56bfc062723c751e8b465ee728b)
Start importing Assets/EnemyRed1.png using Guid(a02af3f900c1713419667143d0996d8a) Importer(815301076,1909f56bfc062723c751e8b465ee728b)  -> (artifact id: '103f5dc0c5d754be2d48304c966e9407') in 0.171350 seconds 
========================================================================
Received Import Request.
  Time since last request: 0.000018 seconds.
  path: Assets/Game Menu.png
  artifactKey: Guid(a1904ae1d459b9743a7b9b7ba0ad8813) Importer(815301076,1909f56bfc062723c751e8b465ee728b)
Start importing Assets/Game Menu.png using Guid(a1904ae1d459b9743a7b9b7ba0ad8813) Importer(815301076,1909f56bfc062723c751e8b465ee728b)  -> (artifact id: '3f98a7580b9c4f275ce0d895a4730524') in 0.076007 seconds 
========================================================================
Received Import Request.
  Time since last request: 0.000030 seconds.
  path: Assets/bluetiled.png
  artifactKey: Guid(bdec5bd81160d3d4d859ffdf0f14eea0) Importer(815301076,1909f56bfc062723c751e8b465ee728b)
Start importing Assets/bluetiled.png using Guid(bdec5bd81160d3d4d859ffdf0f14eea0) Importer(815301076,1909f56bfc062723c751e8b465ee728b)  -> (artifact id: 'a41a19c00f0ccc9c239c7bf2c1ca6e3c') in 0.066568 seconds 
========================================================================
Received Import Request.
  Time since last request: 0.000028 seconds.
  path: Assets/Canvas.prefab
  artifactKey: Guid(98a4518f57b5a1341bd14c1a360fafae) Importer(815301076,1909f56bfc062723c751e8b465ee728b)
Start importing Assets/Canvas.prefab using Guid(98a4518f57b5a1341bd14c1a360fafae) Importer(815301076,1909f56bfc062723c751e8b465ee728b)  -> (artifact id: '84206c022aefeee5b045f3d40c97edf3') in 0.051488 seconds 
========================================================================
Received Import Request.
  Time since last request: 3.845270 seconds.
  path: Assets/ChaseEvade/GameObjectComponents.unity
  artifactKey: Guid(d8e67256ac6c62d4c8a5067ded402c0d) Importer(815301076,1909f56bfc062723c751e8b465ee728b)
Start importing Assets/ChaseEvade/GameObjectComponents.unity using Guid(d8e67256ac6c62d4c8a5067ded402c0d) Importer(815301076,1909f56bfc062723c751e8b465ee728b)  -> (artifact id: '0a31f70d3966fa44196ad4d2c3f91352') in 0.007132 seconds 
========================================================================
Received Import Request.
  Time since last request: 4.781940 seconds.
  path: Assets/Collisions/Collisions.unity
  artifactKey: Guid(7dd59ebcedb220346b9baa8e5f93e672) Importer(815301076,1909f56bfc062723c751e8b465ee728b)
Start importing Assets/Collisions/Collisions.unity using Guid(7dd59ebcedb220346b9baa8e5f93e672) Importer(815301076,1909f56bfc062723c751e8b465ee728b)  -> (artifact id: '3d59f6b7a6437ad75cbfb2837186f431') in 0.008039 seconds 
========================================================================
Received Import Request.
  Time since last request: 2.355813 seconds.
  path: Assets/FiniteStateMachines/LightOff.png
  artifactKey: Guid(4b478300fe997ac4fa1c7dadf8fe75f1) Importer(815301076,1909f56bfc062723c751e8b465ee728b)
Start importing Assets/FiniteStateMachines/LightOff.png using Guid(4b478300fe997ac4fa1c7dadf8fe75f1) Importer(815301076,1909f56bfc062723c751e8b465ee728b)  -> (artifact id: 'f5a06d232bd738658e384b0c1d2af94c') in 0.029341 seconds 
========================================================================
Received Import Request.
  Time since last request: 2.103973 seconds.
  path: Assets/FiniteStateMachines/SimpleEnemyFSM.unity
  artifactKey: Guid(e4d06d56aa7ac7343b3ac31033836b41) Importer(815301076,1909f56bfc062723c751e8b465ee728b)
Start importing Assets/FiniteStateMachines/SimpleEnemyFSM.unity using Guid(e4d06d56aa7ac7343b3ac31033836b41) Importer(815301076,1909f56bfc062723c751e8b465ee728b)  -> (artifact id: '7895c900c66cad729025a415d72c0236') in 0.016954 seconds 
========================================================================
Received Import Request.
  Time since last request: 2.303967 seconds.
  path: Assets/MiniWorldSprites/AllAssetsPreview.png
  artifactKey: Guid(6d8d3512c6edcdd419cc99c380d9adf4) Importer(815301076,1909f56bfc062723c751e8b465ee728b)
Start importing Assets/MiniWorldSprites/AllAssetsPreview.png using Guid(6d8d3512c6edcdd419cc99c380d9adf4) Importer(815301076,1909f56bfc062723c751e8b465ee728b)  -> (artifact id: '7c04b3937a71d63b393710d52c79ca33') in 0.054505 seconds 
========================================================================
Received Import Request.
  Time since last request: 2.526409 seconds.
  path: Assets/Prefabs/Enemy.prefab
  artifactKey: Guid(8e51d9c9edf8c5148ab1903bd53b4941) Importer(815301076,1909f56bfc062723c751e8b465ee728b)
Start importing Assets/Prefabs/Enemy.prefab using Guid(8e51d9c9edf8c5148ab1903bd53b4941) Importer(815301076,1909f56bfc062723c751e8b465ee728b)  -> (artifact id: 'cab79682fa1854bcdf220e6ddd4abffd') in 0.068956 seconds 
========================================================================
Received Import Request.
  Time since last request: 3.210586 seconds.
  path: Assets/Scenes/BasicChaseMiniProject.unity
  artifactKey: Guid(2f31cfcfb2f4c194592899eca2dc169e) Importer(815301076,1909f56bfc062723c751e8b465ee728b)
Start importing Assets/Scenes/BasicChaseMiniProject.unity using Guid(2f31cfcfb2f4c194592899eca2dc169e) Importer(815301076,1909f56bfc062723c751e8b465ee728b)  -> (artifact id: 'e339d0391520e499dc7e045e328c3a6a') in 0.008999 seconds 
